The system is: Linux - 6.5.0-25-generic - x86_64
Compiling the C compiler identification source file "CMakeCCompilerId.c" succeeded.
Compiler: /usr/bin/gcc 
Build flags: 
Id flags:  

The output was:
0


Compilation of the C compiler identification source "CMakeCCompilerId.c" produced "a.out"

The C compiler identification is GNU, found in "/home/oleksandr/workspace/C_C++/Unix_server/build/CMakeFiles/3.22.1/CompilerIdC/a.out"

Detecting C compiler ABI info compiled with the following output:
Change Dir: /home/oleksandr/workspace/C_C++/Unix_server/build/CMakeFiles/CMakeTmp

Run Build Command(s):/usr/bin/ninja cmTC_14e5f && [1/2] Building C object CMakeFiles/cmTC_14e5f.dir/CMakeCCompilerABI.c.o
Using built-in specs.
COLLECT_GCC=/usr/bin/gcc
OFFLOAD_TARGET_NAMES=nvptx-none:amdgcn-amdhsa
OFFLOAD_TARGET_DEFAULT=1
Target: x86_64-linux-gnu
Configured with: ../src/configure -v --with-pkgversion='Ubuntu 11.4.0-1ubuntu1~22.04' --with-bugurl=file:///usr/share/doc/gcc-11/README.Bugs --enable-languages=c,ada,c++,go,brig,d,fortran,objc,obj-c++,m2 --prefix=/usr --with-gcc-major-version-only --program-suffix=-11 --program-prefix=x86_64-linux-gnu- --enable-shared --enable-linker-build-id --libexecdir=/usr/lib --without-included-gettext --enable-threads=posix --libdir=/usr/lib --enable-nls --enable-bootstrap --enable-clocale=gnu --enable-libstdcxx-debug --enable-libstdcxx-time=yes --with-default-libstdcxx-abi=new --enable-gnu-unique-object --disable-vtable-verify --enable-plugin --enable-default-pie --with-system-zlib --enable-libphobos-checking=release --with-target-system-zlib=auto --enable-objc-gc=auto --enable-multiarch --disable-werror --enable-cet --with-arch-32=i686 --with-abi=m64 --with-multilib-list=m32,m64,mx32 --enable-multilib --with-tune=generic --enable-offload-targets=nvptx-none=/build/gcc-11-XeT9lY/gcc-11-11.4.0/debian/tmp-nvptx/usr,amdgcn-amdhsa=/build/gcc-11-XeT9lY/gcc-11-11.4.0/debian/tmp-gcn/usr --without-cuda-driver --enable-checking=release --build=x86_64-linux-gnu --host=x86_64-linux-gnu --target=x86_64-linux-gnu --with-build-config=bootstrap-lto-lean --enable-link-serialization=2
Thread model: posix
Supported LTO compression algorithms: zlib zstd
gcc version 11.4.0 (Ubuntu 11.4.0-1ubuntu1~22.04) 
COLLECT_GCC_OPTIONS='-v' '-o' 'CMakeFiles/cmTC_14e5f.dir/CMakeCCompilerABI.c.o' '-c' '-mtune=generic' '-march=x86-64' '-dumpdir' 'CMakeFiles/cmTC_14e5f.dir/'
 /usr/lib/gcc/x86_64-linux-gnu/11/cc1 -quiet -v -imultiarch x86_64-linux-gnu /usr/share/cmake-3.22/Modules/CMakeCCompilerABI.c -quiet -dumpdir CMakeFiles/cmTC_14e5f.dir/ -dumpbase CMakeCCompilerABI.c.c -dumpbase-ext .c -mtune=generic -march=x86-64 -version -fasynchronous-unwind-tables -fstack-protector-strong -Wformat -Wformat-security -fstack-clash-protection -fcf-protection -o /tmp/ccNMmD7Q.s
GNU C17 (Ubuntu 11.4.0-1ubuntu1~22.04) version 11.4.0 (x86_64-linux-gnu)
	compiled by GNU C version 11.4.0, GMP version 6.2.1, MPFR version 4.1.0, MPC version 1.2.1, isl version isl-0.24-GMP

GGC heuristics: --param ggc-min-expand=100 --param ggc-min-heapsize=131072
ignoring nonexistent directory "/usr/local/include/x86_64-linux-gnu"
ignoring nonexistent directory "/usr/lib/gcc/x86_64-linux-gnu/11/include-fixed"
ignoring nonexistent directory "/usr/lib/gcc/x86_64-linux-gnu/11/../../../../x86_64-linux-gnu/include"
#include "..." search starts here:
#include <...> search starts here:
 /usr/lib/gcc/x86_64-linux-gnu/11/include
 /usr/local/include
 /usr/include/x86_64-linux-gnu
 /usr/include
End of search list.
GNU C17 (Ubuntu 11.4.0-1ubuntu1~22.04) version 11.4.0 (x86_64-linux-gnu)
	compiled by GNU C version 11.4.0, GMP version 6.2.1, MPFR version 4.1.0, MPC version 1.2.1, isl version isl-0.24-GMP

GGC heuristics: --param ggc-min-expand=100 --param ggc-min-heapsize=131072
Compiler executable checksum: 50eaa2331df977b8016186198deb2d18
COLLECT_GCC_OPTIONS='-v' '-o' 'CMakeFiles/cmTC_14e5f.dir/CMakeCCompilerABI.c.o' '-c' '-mtune=generic' '-march=x86-64' '-dumpdir' 'CMakeFiles/cmTC_14e5f.dir/'
 as -v --64 -o CMakeFiles/cmTC_14e5f.dir/CMakeCCompilerABI.c.o /tmp/ccNMmD7Q.s
GNU assembler version 2.38 (x86_64-linux-gnu) using BFD version (GNU Binutils for Ubuntu) 2.38
COMPILER_PATH=/usr/lib/gcc/x86_64-linux-gnu/11/:/usr/lib/gcc/x86_64-linux-gnu/11/:/usr/lib/gcc/x86_64-linux-gnu/:/usr/lib/gcc/x86_64-linux-gnu/11/:/usr/lib/gcc/x86_64-linux-gnu/
LIBRARY_PATH=/usr/lib/gcc/x86_64-linux-gnu/11/:/usr/lib/gcc/x86_64-linux-gnu/11/../../../x86_64-linux-gnu/:/usr/lib/gcc/x86_64-linux-gnu/11/../../../../lib/:/lib/x86_64-linux-gnu/:/lib/../lib/:/usr/lib/x86_64-linux-gnu/:/usr/lib/../lib/:/usr/lib/gcc/x86_64-linux-gnu/11/../../../:/lib/:/usr/lib/
COLLECT_GCC_OPTIONS='-v' '-o' 'CMakeFiles/cmTC_14e5f.dir/CMakeCCompilerABI.c.o' '-c' '-mtune=generic' '-march=x86-64' '-dumpdir' 'CMakeFiles/cmTC_14e5f.dir/CMakeCCompilerABI.c.'
[2/2] Linking C executable cmTC_14e5f
Using built-in specs.
COLLECT_GCC=/usr/bin/gcc
COLLECT_LTO_WRAPPER=/usr/lib/gcc/x86_64-linux-gnu/11/lto-wrapper
OFFLOAD_TARGET_NAMES=nvptx-none:amdgcn-amdhsa
OFFLOAD_TARGET_DEFAULT=1
Target: x86_64-linux-gnu
Configured with: ../src/configure -v --with-pkgversion='Ubuntu 11.4.0-1ubuntu1~22.04' --with-bugurl=file:///usr/share/doc/gcc-11/README.Bugs --enable-languages=c,ada,c++,go,brig,d,fortran,objc,obj-c++,m2 --prefix=/usr --with-gcc-major-version-only --program-suffix=-11 --program-prefix=x86_64-linux-gnu- --enable-shared --enable-linker-build-id --libexecdir=/usr/lib --without-included-gettext --enable-threads=posix --libdir=/usr/lib --enable-nls --enable-bootstrap --enable-clocale=gnu --enable-libstdcxx-debug --enable-libstdcxx-time=yes --with-default-libstdcxx-abi=new --enable-gnu-unique-object --disable-vtable-verify --enable-plugin --enable-default-pie --with-system-zlib --enable-libphobos-checking=release --with-target-system-zlib=auto --enable-objc-gc=auto --enable-multiarch --disable-werror --enable-cet --with-arch-32=i686 --with-abi=m64 --with-multilib-list=m32,m64,mx32 --enable-multilib --with-tune=generic --enable-offload-targets=nvptx-none=/build/gcc-11-XeT9lY/gcc-11-11.4.0/debian/tmp-nvptx/usr,amdgcn-amdhsa=/build/gcc-11-XeT9lY/gcc-11-11.4.0/debian/tmp-gcn/usr --without-cuda-driver --enable-checking=release --build=x86_64-linux-gnu --host=x86_64-linux-gnu --target=x86_64-linux-gnu --with-build-config=bootstrap-lto-lean --enable-link-serialization=2
Thread model: posix
Supported LTO compression algorithms: zlib zstd
gcc version 11.4.0 (Ubuntu 11.4.0-1ubuntu1~22.04) 
COMPILER_PATH=/usr/lib/gcc/x86_64-linux-gnu/11/:/usr/lib/gcc/x86_64-linux-gnu/11/:/usr/lib/gcc/x86_64-linux-gnu/:/usr/lib/gcc/x86_64-linux-gnu/11/:/usr/lib/gcc/x86_64-linux-gnu/
LIBRARY_PATH=/usr/lib/gcc/x86_64-linux-gnu/11/:/usr/lib/gcc/x86_64-linux-gnu/11/../../../x86_64-linux-gnu/:/usr/lib/gcc/x86_64-linux-gnu/11/../../../../lib/:/lib/x86_64-linux-gnu/:/lib/../lib/:/usr/lib/x86_64-linux-gnu/:/usr/lib/../lib/:/usr/lib/gcc/x86_64-linux-gnu/11/../../../:/lib/:/usr/lib/
COLLECT_GCC_OPTIONS='-v' '-rdynamic' '-o' 'cmTC_14e5f' '-mtune=generic' '-march=x86-64' '-dumpdir' 'cmTC_14e5f.'
 /usr/lib/gcc/x86_64-linux-gnu/11/collect2 -plugin /usr/lib/gcc/x86_64-linux-gnu/11/liblto_plugin.so -plugin-opt=/usr/lib/gcc/x86_64-linux-gnu/11/lto-wrapper -plugin-opt=-fresolution=/tmp/cci3e071.res -plugin-opt=-pass-through=-lgcc -plugin-opt=-pass-through=-lgcc_s -plugin-opt=-pass-through=-lc -plugin-opt=-pass-through=-lgcc -plugin-opt=-pass-through=-lgcc_s --build-id --eh-frame-hdr -m elf_x86_64 --hash-style=gnu --as-needed -export-dynamic -dynamic-linker /lib64/ld-linux-x86-64.so.2 -pie -z now -z relro -o cmTC_14e5f /usr/lib/gcc/x86_64-linux-gnu/11/../../../x86_64-linux-gnu/Scrt1.o /usr/lib/gcc/x86_64-linux-gnu/11/../../../x86_64-linux-gnu/crti.o /usr/lib/gcc/x86_64-linux-gnu/11/crtbeginS.o -L/usr/lib/gcc/x86_64-linux-gnu/11 -L/usr/lib/gcc/x86_64-linux-gnu/11/../../../x86_64-linux-gnu -L/usr/lib/gcc/x86_64-linux-gnu/11/../../../../lib -L/lib/x86_64-linux-gnu -L/lib/../lib -L/usr/lib/x86_64-linux-gnu -L/usr/lib/../lib -L/usr/lib/gcc/x86_64-linux-gnu/11/../../.. CMakeFiles/cmTC_14e5f.dir/CMakeCCompilerABI.c.o -lgcc --push-state --as-needed -lgcc_s --pop-state -lc -lgcc --push-state --as-needed -lgcc_s --pop-state /usr/lib/gcc/x86_64-linux-gnu/11/crtendS.o /usr/lib/gcc/x86_64-linux-gnu/11/../../../x86_64-linux-gnu/crtn.o
COLLECT_GCC_OPTIONS='-v' '-rdynamic' '-o' 'cmTC_14e5f' '-mtune=generic' '-march=x86-64' '-dumpdir' 'cmTC_14e5f.'



Parsed C implicit include dir info from above output: rv=done
  found start of include info
  found start of implicit include info
    add: [/usr/lib/gcc/x86_64-linux-gnu/11/include]
    add: [/usr/local/include]
    add: [/usr/include/x86_64-linux-gnu]
    add: [/usr/include]
  end of search list found
  collapse include dir [/usr/lib/gcc/x86_64-linux-gnu/11/include] ==> [/usr/lib/gcc/x86_64-linux-gnu/11/include]
  collapse include dir [/usr/local/include] ==> [/usr/local/include]
  collapse include dir [/usr/include/x86_64-linux-gnu] ==> [/usr/include/x86_64-linux-gnu]
  collapse include dir [/usr/include] ==> [/usr/include]
  implicit include dirs: [/usr/lib/gcc/x86_64-linux-gnu/11/include;/usr/local/include;/usr/include/x86_64-linux-gnu;/usr/include]


Parsed C implicit link information from above output:
  link line regex: [^( *|.*[/\])(ld|CMAKE_LINK_STARTFILE-NOTFOUND|([^/\]+-)?ld|collect2)[^/\]*( |$)]
  ignore line: [Change Dir: /home/oleksandr/workspace/C_C++/Unix_server/build/CMakeFiles/CMakeTmp]
  ignore line: []
  ignore line: [Run Build Command(s):/usr/bin/ninja cmTC_14e5f && [1/2] Building C object CMakeFiles/cmTC_14e5f.dir/CMakeCCompilerABI.c.o]
  ignore line: [Using built-in specs.]
  ignore line: [COLLECT_GCC=/usr/bin/gcc]
  ignore line: [OFFLOAD_TARGET_NAMES=nvptx-none:amdgcn-amdhsa]
  ignore line: [OFFLOAD_TARGET_DEFAULT=1]
  ignore line: [Target: x86_64-linux-gnu]
  ignore line: [Configured with: ../src/configure -v --with-pkgversion='Ubuntu 11.4.0-1ubuntu1~22.04' --with-bugurl=file:///usr/share/doc/gcc-11/README.Bugs --enable-languages=c ada c++ go brig d fortran objc obj-c++ m2 --prefix=/usr --with-gcc-major-version-only --program-suffix=-11 --program-prefix=x86_64-linux-gnu- --enable-shared --enable-linker-build-id --libexecdir=/usr/lib --without-included-gettext --enable-threads=posix --libdir=/usr/lib --enable-nls --enable-bootstrap --enable-clocale=gnu --enable-libstdcxx-debug --enable-libstdcxx-time=yes --with-default-libstdcxx-abi=new --enable-gnu-unique-object --disable-vtable-verify --enable-plugin --enable-default-pie --with-system-zlib --enable-libphobos-checking=release --with-target-system-zlib=auto --enable-objc-gc=auto --enable-multiarch --disable-werror --enable-cet --with-arch-32=i686 --with-abi=m64 --with-multilib-list=m32 m64 mx32 --enable-multilib --with-tune=generic --enable-offload-targets=nvptx-none=/build/gcc-11-XeT9lY/gcc-11-11.4.0/debian/tmp-nvptx/usr amdgcn-amdhsa=/build/gcc-11-XeT9lY/gcc-11-11.4.0/debian/tmp-gcn/usr --without-cuda-driver --enable-checking=release --build=x86_64-linux-gnu --host=x86_64-linux-gnu --target=x86_64-linux-gnu --with-build-config=bootstrap-lto-lean --enable-link-serialization=2]
  ignore line: [Thread model: posix]
  ignore line: [Supported LTO compression algorithms: zlib zstd]
  ignore line: [gcc version 11.4.0 (Ubuntu 11.4.0-1ubuntu1~22.04) ]
  ignore line: [COLLECT_GCC_OPTIONS='-v' '-o' 'CMakeFiles/cmTC_14e5f.dir/CMakeCCompilerABI.c.o' '-c' '-mtune=generic' '-march=x86-64' '-dumpdir' 'CMakeFiles/cmTC_14e5f.dir/']
  ignore line: [ /usr/lib/gcc/x86_64-linux-gnu/11/cc1 -quiet -v -imultiarch x86_64-linux-gnu /usr/share/cmake-3.22/Modules/CMakeCCompilerABI.c -quiet -dumpdir CMakeFiles/cmTC_14e5f.dir/ -dumpbase CMakeCCompilerABI.c.c -dumpbase-ext .c -mtune=generic -march=x86-64 -version -fasynchronous-unwind-tables -fstack-protector-strong -Wformat -Wformat-security -fstack-clash-protection -fcf-protection -o /tmp/ccNMmD7Q.s]
  ignore line: [GNU C17 (Ubuntu 11.4.0-1ubuntu1~22.04) version 11.4.0 (x86_64-linux-gnu)]
  ignore line: [	compiled by GNU C version 11.4.0  GMP version 6.2.1  MPFR version 4.1.0  MPC version 1.2.1  isl version isl-0.24-GMP]
  ignore line: []
  ignore line: [GGC heuristics: --param ggc-min-expand=100 --param ggc-min-heapsize=131072]
  ignore line: [ignoring nonexistent directory "/usr/local/include/x86_64-linux-gnu"]
  ignore line: [ignoring nonexistent directory "/usr/lib/gcc/x86_64-linux-gnu/11/include-fixed"]
  ignore line: [ignoring nonexistent directory "/usr/lib/gcc/x86_64-linux-gnu/11/../../../../x86_64-linux-gnu/include"]
  ignore line: [#include "..." search starts here:]
  ignore line: [#include <...> search starts here:]
  ignore line: [ /usr/lib/gcc/x86_64-linux-gnu/11/include]
  ignore line: [ /usr/local/include]
  ignore line: [ /usr/include/x86_64-linux-gnu]
  ignore line: [ /usr/include]
  ignore line: [End of search list.]
  ignore line: [GNU C17 (Ubuntu 11.4.0-1ubuntu1~22.04) version 11.4.0 (x86_64-linux-gnu)]
  ignore line: [	compiled by GNU C version 11.4.0  GMP version 6.2.1  MPFR version 4.1.0  MPC version 1.2.1  isl version isl-0.24-GMP]
  ignore line: []
  ignore line: [GGC heuristics: --param ggc-min-expand=100 --param ggc-min-heapsize=131072]
  ignore line: [Compiler executable checksum: 50eaa2331df977b8016186198deb2d18]
  ignore line: [COLLECT_GCC_OPTIONS='-v' '-o' 'CMakeFiles/cmTC_14e5f.dir/CMakeCCompilerABI.c.o' '-c' '-mtune=generic' '-march=x86-64' '-dumpdir' 'CMakeFiles/cmTC_14e5f.dir/']
  ignore line: [ as -v --64 -o CMakeFiles/cmTC_14e5f.dir/CMakeCCompilerABI.c.o /tmp/ccNMmD7Q.s]
  ignore line: [GNU assembler version 2.38 (x86_64-linux-gnu) using BFD version (GNU Binutils for Ubuntu) 2.38]
  ignore line: [COMPILER_PATH=/usr/lib/gcc/x86_64-linux-gnu/11/:/usr/lib/gcc/x86_64-linux-gnu/11/:/usr/lib/gcc/x86_64-linux-gnu/:/usr/lib/gcc/x86_64-linux-gnu/11/:/usr/lib/gcc/x86_64-linux-gnu/]
  ignore line: [LIBRARY_PATH=/usr/lib/gcc/x86_64-linux-gnu/11/:/usr/lib/gcc/x86_64-linux-gnu/11/../../../x86_64-linux-gnu/:/usr/lib/gcc/x86_64-linux-gnu/11/../../../../lib/:/lib/x86_64-linux-gnu/:/lib/../lib/:/usr/lib/x86_64-linux-gnu/:/usr/lib/../lib/:/usr/lib/gcc/x86_64-linux-gnu/11/../../../:/lib/:/usr/lib/]
  ignore line: [COLLECT_GCC_OPTIONS='-v' '-o' 'CMakeFiles/cmTC_14e5f.dir/CMakeCCompilerABI.c.o' '-c' '-mtune=generic' '-march=x86-64' '-dumpdir' 'CMakeFiles/cmTC_14e5f.dir/CMakeCCompilerABI.c.']
  ignore line: [[2/2] Linking C executable cmTC_14e5f]
  ignore line: [Using built-in specs.]
  ignore line: [COLLECT_GCC=/usr/bin/gcc]
  ignore line: [COLLECT_LTO_WRAPPER=/usr/lib/gcc/x86_64-linux-gnu/11/lto-wrapper]
  ignore line: [OFFLOAD_TARGET_NAMES=nvptx-none:amdgcn-amdhsa]
  ignore line: [OFFLOAD_TARGET_DEFAULT=1]
  ignore line: [Target: x86_64-linux-gnu]
  ignore line: [Configured with: ../src/configure -v --with-pkgversion='Ubuntu 11.4.0-1ubuntu1~22.04' --with-bugurl=file:///usr/share/doc/gcc-11/README.Bugs --enable-languages=c ada c++ go brig d fortran objc obj-c++ m2 --prefix=/usr --with-gcc-major-version-only --program-suffix=-11 --program-prefix=x86_64-linux-gnu- --enable-shared --enable-linker-build-id --libexecdir=/usr/lib --without-included-gettext --enable-threads=posix --libdir=/usr/lib --enable-nls --enable-bootstrap --enable-clocale=gnu --enable-libstdcxx-debug --enable-libstdcxx-time=yes --with-default-libstdcxx-abi=new --enable-gnu-unique-object --disable-vtable-verify --enable-plugin --enable-default-pie --with-system-zlib --enable-libphobos-checking=release --with-target-system-zlib=auto --enable-objc-gc=auto --enable-multiarch --disable-werror --enable-cet --with-arch-32=i686 --with-abi=m64 --with-multilib-list=m32 m64 mx32 --enable-multilib --with-tune=generic --enable-offload-targets=nvptx-none=/build/gcc-11-XeT9lY/gcc-11-11.4.0/debian/tmp-nvptx/usr amdgcn-amdhsa=/build/gcc-11-XeT9lY/gcc-11-11.4.0/debian/tmp-gcn/usr --without-cuda-driver --enable-checking=release --build=x86_64-linux-gnu --host=x86_64-linux-gnu --target=x86_64-linux-gnu --with-build-config=bootstrap-lto-lean --enable-link-serialization=2]
  ignore line: [Thread model: posix]
  ignore line: [Supported LTO compression algorithms: zlib zstd]
  ignore line: [gcc version 11.4.0 (Ubuntu 11.4.0-1ubuntu1~22.04) ]
  ignore line: [COMPILER_PATH=/usr/lib/gcc/x86_64-linux-gnu/11/:/usr/lib/gcc/x86_64-linux-gnu/11/:/usr/lib/gcc/x86_64-linux-gnu/:/usr/lib/gcc/x86_64-linux-gnu/11/:/usr/lib/gcc/x86_64-linux-gnu/]
  ignore line: [LIBRARY_PATH=/usr/lib/gcc/x86_64-linux-gnu/11/:/usr/lib/gcc/x86_64-linux-gnu/11/../../../x86_64-linux-gnu/:/usr/lib/gcc/x86_64-linux-gnu/11/../../../../lib/:/lib/x86_64-linux-gnu/:/lib/../lib/:/usr/lib/x86_64-linux-gnu/:/usr/lib/../lib/:/usr/lib/gcc/x86_64-linux-gnu/11/../../../:/lib/:/usr/lib/]
  ignore line: [COLLECT_GCC_OPTIONS='-v' '-rdynamic' '-o' 'cmTC_14e5f' '-mtune=generic' '-march=x86-64' '-dumpdir' 'cmTC_14e5f.']
  link line: [ /usr/lib/gcc/x86_64-linux-gnu/11/collect2 -plugin /usr/lib/gcc/x86_64-linux-gnu/11/liblto_plugin.so -plugin-opt=/usr/lib/gcc/x86_64-linux-gnu/11/lto-wrapper -plugin-opt=-fresolution=/tmp/cci3e071.res -plugin-opt=-pass-through=-lgcc -plugin-opt=-pass-through=-lgcc_s -plugin-opt=-pass-through=-lc -plugin-opt=-pass-through=-lgcc -plugin-opt=-pass-through=-lgcc_s --build-id --eh-frame-hdr -m elf_x86_64 --hash-style=gnu --as-needed -export-dynamic -dynamic-linker /lib64/ld-linux-x86-64.so.2 -pie -z now -z relro -o cmTC_14e5f /usr/lib/gcc/x86_64-linux-gnu/11/../../../x86_64-linux-gnu/Scrt1.o /usr/lib/gcc/x86_64-linux-gnu/11/../../../x86_64-linux-gnu/crti.o /usr/lib/gcc/x86_64-linux-gnu/11/crtbeginS.o -L/usr/lib/gcc/x86_64-linux-gnu/11 -L/usr/lib/gcc/x86_64-linux-gnu/11/../../../x86_64-linux-gnu -L/usr/lib/gcc/x86_64-linux-gnu/11/../../../../lib -L/lib/x86_64-linux-gnu -L/lib/../lib -L/usr/lib/x86_64-linux-gnu -L/usr/lib/../lib -L/usr/lib/gcc/x86_64-linux-gnu/11/../../.. CMakeFiles/cmTC_14e5f.dir/CMakeCCompilerABI.c.o -lgcc --push-state --as-needed -lgcc_s --pop-state -lc -lgcc --push-state --as-needed -lgcc_s --pop-state /usr/lib/gcc/x86_64-linux-gnu/11/crtendS.o /usr/lib/gcc/x86_64-linux-gnu/11/../../../x86_64-linux-gnu/crtn.o]
    arg [/usr/lib/gcc/x86_64-linux-gnu/11/collect2] ==> ignore
    arg [-plugin] ==> ignore
    arg [/usr/lib/gcc/x86_64-linux-gnu/11/liblto_plugin.so] ==> ignore
    arg [-plugin-opt=/usr/lib/gcc/x86_64-linux-gnu/11/lto-wrapper] ==> ignore
    arg [-plugin-opt=-fresolution=/tmp/cci3e071.res] ==> ignore
    arg [-plugin-opt=-pass-through=-lgcc] ==> ignore
    arg [-plugin-opt=-pass-through=-lgcc_s] ==> ignore
    arg [-plugin-opt=-pass-through=-lc] ==> ignore
    arg [-plugin-opt=-pass-through=-lgcc] ==> ignore
    arg [-plugin-opt=-pass-through=-lgcc_s] ==> ignore
    arg [--build-id] ==> ignore
    arg [--eh-frame-hdr] ==> ignore
    arg [-m] ==> ignore
    arg [elf_x86_64] ==> ignore
    arg [--hash-style=gnu] ==> ignore
    arg [--as-needed] ==> ignore
    arg [-export-dynamic] ==> ignore
    arg [-dynamic-linker] ==> ignore
    arg [/lib64/ld-linux-x86-64.so.2] ==> ignore
    arg [-pie] ==> ignore
    arg [-znow] ==> ignore
    arg [-zrelro] ==> ignore
    arg [-o] ==> ignore
    arg [cmTC_14e5f] ==> ignore
    arg [/usr/lib/gcc/x86_64-linux-gnu/11/../../../x86_64-linux-gnu/Scrt1.o] ==> obj [/usr/lib/gcc/x86_64-linux-gnu/11/../../../x86_64-linux-gnu/Scrt1.o]
    arg [/usr/lib/gcc/x86_64-linux-gnu/11/../../../x86_64-linux-gnu/crti.o] ==> obj [/usr/lib/gcc/x86_64-linux-gnu/11/../../../x86_64-linux-gnu/crti.o]
    arg [/usr/lib/gcc/x86_64-linux-gnu/11/crtbeginS.o] ==> obj [/usr/lib/gcc/x86_64-linux-gnu/11/crtbeginS.o]
    arg [-L/usr/lib/gcc/x86_64-linux-gnu/11] ==> dir [/usr/lib/gcc/x86_64-linux-gnu/11]
    arg [-L/usr/lib/gcc/x86_64-linux-gnu/11/../../../x86_64-linux-gnu] ==> dir [/usr/lib/gcc/x86_64-linux-gnu/11/../../../x86_64-linux-gnu]
    arg [-L/usr/lib/gcc/x86_64-linux-gnu/11/../../../../lib] ==> dir [/usr/lib/gcc/x86_64-linux-gnu/11/../../../../lib]
    arg [-L/lib/x86_64-linux-gnu] ==> dir [/lib/x86_64-linux-gnu]
    arg [-L/lib/../lib] ==> dir [/lib/../lib]
    arg [-L/usr/lib/x86_64-linux-gnu] ==> dir [/usr/lib/x86_64-linux-gnu]
    arg [-L/usr/lib/../lib] ==> dir [/usr/lib/../lib]
    arg [-L/usr/lib/gcc/x86_64-linux-gnu/11/../../..] ==> dir [/usr/lib/gcc/x86_64-linux-gnu/11/../../..]
    arg [CMakeFiles/cmTC_14e5f.dir/CMakeCCompilerABI.c.o] ==> ignore
    arg [-lgcc] ==> lib [gcc]
    arg [--push-state] ==> ignore
    arg [--as-needed] ==> ignore
    arg [-lgcc_s] ==> lib [gcc_s]
    arg [--pop-state] ==> ignore
    arg [-lc] ==> lib [c]
    arg [-lgcc] ==> lib [gcc]
    arg [--push-state] ==> ignore
    arg [--as-needed] ==> ignore
    arg [-lgcc_s] ==> lib [gcc_s]
    arg [--pop-state] ==> ignore
    arg [/usr/lib/gcc/x86_64-linux-gnu/11/crtendS.o] ==> obj [/usr/lib/gcc/x86_64-linux-gnu/11/crtendS.o]
    arg [/usr/lib/gcc/x86_64-linux-gnu/11/../../../x86_64-linux-gnu/crtn.o] ==> obj [/usr/lib/gcc/x86_64-linux-gnu/11/../../../x86_64-linux-gnu/crtn.o]
  collapse obj [/usr/lib/gcc/x86_64-linux-gnu/11/../../../x86_64-linux-gnu/Scrt1.o] ==> [/usr/lib/x86_64-linux-gnu/Scrt1.o]
  collapse obj [/usr/lib/gcc/x86_64-linux-gnu/11/../../../x86_64-linux-gnu/crti.o] ==> [/usr/lib/x86_64-linux-gnu/crti.o]
  collapse obj [/usr/lib/gcc/x86_64-linux-gnu/11/../../../x86_64-linux-gnu/crtn.o] ==> [/usr/lib/x86_64-linux-gnu/crtn.o]
  collapse library dir [/usr/lib/gcc/x86_64-linux-gnu/11] ==> [/usr/lib/gcc/x86_64-linux-gnu/11]
  collapse library dir [/usr/lib/gcc/x86_64-linux-gnu/11/../../../x86_64-linux-gnu] ==> [/usr/lib/x86_64-linux-gnu]
  collapse library dir [/usr/lib/gcc/x86_64-linux-gnu/11/../../../../lib] ==> [/usr/lib]
  collapse library dir [/lib/x86_64-linux-gnu] ==> [/lib/x86_64-linux-gnu]
  collapse library dir [/lib/../lib] ==> [/lib]
  collapse library dir [/usr/lib/x86_64-linux-gnu] ==> [/usr/lib/x86_64-linux-gnu]
  collapse library dir [/usr/lib/../lib] ==> [/usr/lib]
  collapse library dir [/usr/lib/gcc/x86_64-linux-gnu/11/../../..] ==> [/usr/lib]
  implicit libs: [gcc;gcc_s;c;gcc;gcc_s]
  implicit objs: [/usr/lib/x86_64-linux-gnu/Scrt1.o;/usr/lib/x86_64-linux-gnu/crti.o;/usr/lib/gcc/x86_64-linux-gnu/11/crtbeginS.o;/usr/lib/gcc/x86_64-linux-gnu/11/crtendS.o;/usr/lib/x86_64-linux-gnu/crtn.o]
  implicit dirs: [/usr/lib/gcc/x86_64-linux-gnu/11;/usr/lib/x86_64-linux-gnu;/usr/lib;/lib/x86_64-linux-gnu;/lib]
  implicit fwks: []


Performing C SOURCE FILE Test REQUIRED_FLAGS_WERROR succeeded with the following output:
Change Dir: /home/oleksandr/workspace/C_C++/Unix_server/build/CMakeFiles/CMakeTmp

Run Build Command(s):/usr/bin/ninja cmTC_cb509 && [1/2] Building C object CMakeFiles/cmTC_cb509.dir/src.c.o
[2/2] Linking C executable cmTC_cb509


Source file was:
int main(void) { return 0; }
Performing C SOURCE FILE Test WITH_STD_GNU99_FLAG succeeded with the following output:
Change Dir: /home/oleksandr/workspace/C_C++/Unix_server/build/CMakeFiles/CMakeTmp

Run Build Command(s):/usr/bin/ninja cmTC_0767f && [1/2] Building C object CMakeFiles/cmTC_0767f.dir/src.c.o
[2/2] Linking C executable cmTC_0767f


Source file was:
int main(void) { return 0; }
Performing C SOURCE FILE Test WITH_WPEDANTIC_FLAG succeeded with the following output:
Change Dir: /home/oleksandr/workspace/C_C++/Unix_server/build/CMakeFiles/CMakeTmp

Run Build Command(s):/usr/bin/ninja cmTC_21dc5 && [1/2] Building C object CMakeFiles/cmTC_21dc5.dir/src.c.o
[2/2] Linking C executable cmTC_21dc5


Source file was:
int main(void) { return 0; }
Performing C SOURCE FILE Test WITH_WALL_FLAG succeeded with the following output:
Change Dir: /home/oleksandr/workspace/C_C++/Unix_server/build/CMakeFiles/CMakeTmp

Run Build Command(s):/usr/bin/ninja cmTC_91e81 && [1/2] Building C object CMakeFiles/cmTC_91e81.dir/src.c.o
[2/2] Linking C executable cmTC_91e81


Source file was:
int main(void) { return 0; }
Performing C SOURCE FILE Test WITH_WSHADOW_FLAG succeeded with the following output:
Change Dir: /home/oleksandr/workspace/C_C++/Unix_server/build/CMakeFiles/CMakeTmp

Run Build Command(s):/usr/bin/ninja cmTC_a1346 && [1/2] Building C object CMakeFiles/cmTC_a1346.dir/src.c.o
[2/2] Linking C executable cmTC_a1346


Source file was:
int main(void) { return 0; }
Performing C SOURCE FILE Test WITH_WMISSING_PROTOTYPES_FLAG succeeded with the following output:
Change Dir: /home/oleksandr/workspace/C_C++/Unix_server/build/CMakeFiles/CMakeTmp

Run Build Command(s):/usr/bin/ninja cmTC_33319 && [1/2] Building C object CMakeFiles/cmTC_33319.dir/src.c.o
[2/2] Linking C executable cmTC_33319


Source file was:
int main(void) { return 0; }
Performing C SOURCE FILE Test WITH_WCAST_ALIGN_FLAG succeeded with the following output:
Change Dir: /home/oleksandr/workspace/C_C++/Unix_server/build/CMakeFiles/CMakeTmp

Run Build Command(s):/usr/bin/ninja cmTC_d72c2 && [1/2] Building C object CMakeFiles/cmTC_d72c2.dir/src.c.o
[2/2] Linking C executable cmTC_d72c2


Source file was:
int main(void) { return 0; }
Performing C SOURCE FILE Test WITH_WERROR_ADDRESS_FLAG succeeded with the following output:
Change Dir: /home/oleksandr/workspace/C_C++/Unix_server/build/CMakeFiles/CMakeTmp

Run Build Command(s):/usr/bin/ninja cmTC_3523d && [1/2] Building C object CMakeFiles/cmTC_3523d.dir/src.c.o
[2/2] Linking C executable cmTC_3523d


Source file was:
int main(void) { return 0; }
Performing C SOURCE FILE Test WITH_WSTRICT_PROTOTYPES_FLAG succeeded with the following output:
Change Dir: /home/oleksandr/workspace/C_C++/Unix_server/build/CMakeFiles/CMakeTmp

Run Build Command(s):/usr/bin/ninja cmTC_224ee && [1/2] Building C object CMakeFiles/cmTC_224ee.dir/src.c.o
[2/2] Linking C executable cmTC_224ee


Source file was:
int main(void) { return 0; }
Performing C SOURCE FILE Test WITH_WERROR_STRICT_PROTOTYPES_FLAG succeeded with the following output:
Change Dir: /home/oleksandr/workspace/C_C++/Unix_server/build/CMakeFiles/CMakeTmp

Run Build Command(s):/usr/bin/ninja cmTC_0817a && [1/2] Building C object CMakeFiles/cmTC_0817a.dir/src.c.o
[2/2] Linking C executable cmTC_0817a


Source file was:
int main(void) { return 0; }
Performing C SOURCE FILE Test WITH_WWRITE_STRINGS_FLAG succeeded with the following output:
Change Dir: /home/oleksandr/workspace/C_C++/Unix_server/build/CMakeFiles/CMakeTmp

Run Build Command(s):/usr/bin/ninja cmTC_51831 && [1/2] Building C object CMakeFiles/cmTC_51831.dir/src.c.o
[2/2] Linking C executable cmTC_51831


Source file was:
int main(void) { return 0; }
Performing C SOURCE FILE Test WITH_WERROR_WRITE_STRINGS_FLAG succeeded with the following output:
Change Dir: /home/oleksandr/workspace/C_C++/Unix_server/build/CMakeFiles/CMakeTmp

Run Build Command(s):/usr/bin/ninja cmTC_07371 && [1/2] Building C object CMakeFiles/cmTC_07371.dir/src.c.o
[2/2] Linking C executable cmTC_07371


Source file was:
int main(void) { return 0; }
Performing C SOURCE FILE Test WITH_WERROR_IMPLICIT_FUNCTION_DECLARATION_FLAG succeeded with the following output:
Change Dir: /home/oleksandr/workspace/C_C++/Unix_server/build/CMakeFiles/CMakeTmp

Run Build Command(s):/usr/bin/ninja cmTC_15532 && [1/2] Building C object CMakeFiles/cmTC_15532.dir/src.c.o
[2/2] Linking C executable cmTC_15532


Source file was:
int main(void) { return 0; }
Performing C SOURCE FILE Test WITH_WPOINTER_ARITH_FLAG succeeded with the following output:
Change Dir: /home/oleksandr/workspace/C_C++/Unix_server/build/CMakeFiles/CMakeTmp

Run Build Command(s):/usr/bin/ninja cmTC_d7aba && [1/2] Building C object CMakeFiles/cmTC_d7aba.dir/src.c.o
[2/2] Linking C executable cmTC_d7aba


Source file was:
int main(void) { return 0; }
Performing C SOURCE FILE Test WITH_WERROR_POINTER_ARITH_FLAG succeeded with the following output:
Change Dir: /home/oleksandr/workspace/C_C++/Unix_server/build/CMakeFiles/CMakeTmp

Run Build Command(s):/usr/bin/ninja cmTC_b63f3 && [1/2] Building C object CMakeFiles/cmTC_b63f3.dir/src.c.o
[2/2] Linking C executable cmTC_b63f3


Source file was:
int main(void) { return 0; }
Performing C SOURCE FILE Test WITH_WDECLARATION_AFTER_STATEMENT_FLAG succeeded with the following output:
Change Dir: /home/oleksandr/workspace/C_C++/Unix_server/build/CMakeFiles/CMakeTmp

Run Build Command(s):/usr/bin/ninja cmTC_645a5 && [1/2] Building C object CMakeFiles/cmTC_645a5.dir/src.c.o
[2/2] Linking C executable cmTC_645a5


Source file was:
int main(void) { return 0; }
Performing C SOURCE FILE Test WITH_WERROR_DECLARATION_AFTER_STATEMENT_FLAG succeeded with the following output:
Change Dir: /home/oleksandr/workspace/C_C++/Unix_server/build/CMakeFiles/CMakeTmp

Run Build Command(s):/usr/bin/ninja cmTC_65a9b && [1/2] Building C object CMakeFiles/cmTC_65a9b.dir/src.c.o
[2/2] Linking C executable cmTC_65a9b


Source file was:
int main(void) { return 0; }
Performing C SOURCE FILE Test WITH_WRETURN_TYPE_FLAG succeeded with the following output:
Change Dir: /home/oleksandr/workspace/C_C++/Unix_server/build/CMakeFiles/CMakeTmp

Run Build Command(s):/usr/bin/ninja cmTC_55742 && [1/2] Building C object CMakeFiles/cmTC_55742.dir/src.c.o
[2/2] Linking C executable cmTC_55742


Source file was:
int main(void) { return 0; }
Performing C SOURCE FILE Test WITH_WERROR_RETURN_TYPE_FLAG succeeded with the following output:
Change Dir: /home/oleksandr/workspace/C_C++/Unix_server/build/CMakeFiles/CMakeTmp

Run Build Command(s):/usr/bin/ninja cmTC_4e5b3 && [1/2] Building C object CMakeFiles/cmTC_4e5b3.dir/src.c.o
[2/2] Linking C executable cmTC_4e5b3


Source file was:
int main(void) { return 0; }
Performing C SOURCE FILE Test WITH_WUNINITIALIZED_FLAG succeeded with the following output:
Change Dir: /home/oleksandr/workspace/C_C++/Unix_server/build/CMakeFiles/CMakeTmp

Run Build Command(s):/usr/bin/ninja cmTC_40d14 && [1/2] Building C object CMakeFiles/cmTC_40d14.dir/src.c.o
[2/2] Linking C executable cmTC_40d14


Source file was:
int main(void) { return 0; }
Performing C SOURCE FILE Test WITH_WERROR_UNINITIALIZED_FLAG succeeded with the following output:
Change Dir: /home/oleksandr/workspace/C_C++/Unix_server/build/CMakeFiles/CMakeTmp

Run Build Command(s):/usr/bin/ninja cmTC_2660e && [1/2] Building C object CMakeFiles/cmTC_2660e.dir/src.c.o
[2/2] Linking C executable cmTC_2660e


Source file was:
int main(void) { return 0; }
Performing C SOURCE FILE Test WITH_WIMPLICIT_FALLTHROUGH_FLAG succeeded with the following output:
Change Dir: /home/oleksandr/workspace/C_C++/Unix_server/build/CMakeFiles/CMakeTmp

Run Build Command(s):/usr/bin/ninja cmTC_90282 && [1/2] Building C object CMakeFiles/cmTC_90282.dir/src.c.o
[2/2] Linking C executable cmTC_90282


Source file was:
int main(void) { return 0; }
Performing C SOURCE FILE Test WITH_WERROR_STRICT_OVERFLOW_FLAG succeeded with the following output:
Change Dir: /home/oleksandr/workspace/C_C++/Unix_server/build/CMakeFiles/CMakeTmp

Run Build Command(s):/usr/bin/ninja cmTC_2ee73 && [1/2] Building C object CMakeFiles/cmTC_2ee73.dir/src.c.o
[2/2] Linking C executable cmTC_2ee73


Source file was:
int main(void) { return 0; }
Performing C SOURCE FILE Test WITH_WSTRICT_OVERFLOW_2_FLAG succeeded with the following output:
Change Dir: /home/oleksandr/workspace/C_C++/Unix_server/build/CMakeFiles/CMakeTmp

Run Build Command(s):/usr/bin/ninja cmTC_496c9 && [1/2] Building C object CMakeFiles/cmTC_496c9.dir/src.c.o
[2/2] Linking C executable cmTC_496c9


Source file was:
int main(void) { return 0; }
Performing C SOURCE FILE Test WITH_WNO_FORMAT_ZERO_LENGTH_FLAG succeeded with the following output:
Change Dir: /home/oleksandr/workspace/C_C++/Unix_server/build/CMakeFiles/CMakeTmp

Run Build Command(s):/usr/bin/ninja cmTC_86e6c && [1/2] Building C object CMakeFiles/cmTC_86e6c.dir/src.c.o
[2/2] Linking C executable cmTC_86e6c


Source file was:
int main(void) { return 0; }
Performing C SOURCE FILE Test WITH_WMISSING_FIELD_INITIALIZERS_FLAG succeeded with the following output:
Change Dir: /home/oleksandr/workspace/C_C++/Unix_server/build/CMakeFiles/CMakeTmp

Run Build Command(s):/usr/bin/ninja cmTC_16aa3 && [1/2] Building C object CMakeFiles/cmTC_16aa3.dir/src.c.o
[2/2] Linking C executable cmTC_16aa3


Source file was:
int main(void) { return 0; }
Performing C SOURCE FILE Test REQUIRED_FLAGS_WFORMAT succeeded with the following output:
Change Dir: /home/oleksandr/workspace/C_C++/Unix_server/build/CMakeFiles/CMakeTmp

Run Build Command(s):/usr/bin/ninja cmTC_38bb6 && [1/2] Building C object CMakeFiles/cmTC_38bb6.dir/src.c.o
[2/2] Linking C executable cmTC_38bb6


Source file was:
int main(void) { return 0; }
Performing C SOURCE FILE Test WITH_WFORMAT_SECURITY_FLAG succeeded with the following output:
Change Dir: /home/oleksandr/workspace/C_C++/Unix_server/build/CMakeFiles/CMakeTmp

Run Build Command(s):/usr/bin/ninja cmTC_db6da && [1/2] Building C object CMakeFiles/cmTC_db6da.dir/src.c.o
[2/2] Linking C executable cmTC_db6da


Source file was:
int main(void) { return 0; }
Performing C SOURCE FILE Test WITH_WERROR_FORMAT_SECURITY_FLAG succeeded with the following output:
Change Dir: /home/oleksandr/workspace/C_C++/Unix_server/build/CMakeFiles/CMakeTmp

Run Build Command(s):/usr/bin/ninja cmTC_5c15e && [1/2] Building C object CMakeFiles/cmTC_5c15e.dir/src.c.o
[2/2] Linking C executable cmTC_5c15e


Source file was:
int main(void) { return 0; }
Performing C SOURCE FILE Test WITH_FNO_COMMON_FLAG succeeded with the following output:
Change Dir: /home/oleksandr/workspace/C_C++/Unix_server/build/CMakeFiles/CMakeTmp

Run Build Command(s):/usr/bin/ninja cmTC_2b909 && [1/2] Building C object CMakeFiles/cmTC_2b909.dir/src.c.o
[2/2] Linking C executable cmTC_2b909


Source file was:
int main(void) { return 0; }
Performing C SOURCE FILE Test WITH_STACK_PROTECTOR_STRONG succeeded with the following output:
Change Dir: /home/oleksandr/workspace/C_C++/Unix_server/build/CMakeFiles/CMakeTmp

Run Build Command(s):/usr/bin/ninja cmTC_bdcd3 && [1/2] Building C object CMakeFiles/cmTC_bdcd3.dir/src.c.o
[2/2] Linking C executable cmTC_bdcd3


Source file was:
int main(int argc, char **argv) { char buffer[256]; return buffer[argc]=0;}
Performing C SOURCE FILE Test WITH_STACK_CLASH_PROTECTION succeeded with the following output:
Change Dir: /home/oleksandr/workspace/C_C++/Unix_server/build/CMakeFiles/CMakeTmp

Run Build Command(s):/usr/bin/ninja cmTC_0ee7f && [1/2] Building C object CMakeFiles/cmTC_0ee7f.dir/src.c.o
[2/2] Linking C executable cmTC_0ee7f


Source file was:
int main(int argc, char **argv) { char buffer[256]; return buffer[argc]=0;}
Performing C SOURCE FILE Test WITH_VISIBILITY_HIDDEN succeeded with the following output:
Change Dir: /home/oleksandr/workspace/C_C++/Unix_server/build/CMakeFiles/CMakeTmp

Run Build Command(s):/usr/bin/ninja cmTC_09f82 && [1/2] Building C object CMakeFiles/cmTC_09f82.dir/src.c.o
[2/2] Linking C executable cmTC_09f82


Source file was:
int main(void) { return 0; }
Determining if the include file assert.h exists passed with the following output:
Change Dir: /home/oleksandr/workspace/C_C++/Unix_server/build/CMakeFiles/CMakeTmp

Run Build Command(s):/usr/bin/ninja cmTC_93a4e && [1/2] Building C object CMakeFiles/cmTC_93a4e.dir/CheckIncludeFile.c.o
[2/2] Linking C executable cmTC_93a4e



Determining if the include file inttypes.h exists passed with the following output:
Change Dir: /home/oleksandr/workspace/C_C++/Unix_server/build/CMakeFiles/CMakeTmp

Run Build Command(s):/usr/bin/ninja cmTC_91265 && [1/2] Building C object CMakeFiles/cmTC_91265.dir/CheckIncludeFile.c.o
[2/2] Linking C executable cmTC_91265



Determining if the include file malloc.h exists passed with the following output:
Change Dir: /home/oleksandr/workspace/C_C++/Unix_server/build/CMakeFiles/CMakeTmp

Run Build Command(s):/usr/bin/ninja cmTC_d664f && [1/2] Building C object CMakeFiles/cmTC_d664f.dir/CheckIncludeFile.c.o
[2/2] Linking C executable cmTC_d664f



Determining if the include file memory.h exists passed with the following output:
Change Dir: /home/oleksandr/workspace/C_C++/Unix_server/build/CMakeFiles/CMakeTmp

Run Build Command(s):/usr/bin/ninja cmTC_0af94 && [1/2] Building C object CMakeFiles/cmTC_0af94.dir/CheckIncludeFile.c.o
[2/2] Linking C executable cmTC_0af94



Determining if the include file setjmp.h exists passed with the following output:
Change Dir: /home/oleksandr/workspace/C_C++/Unix_server/build/CMakeFiles/CMakeTmp

Run Build Command(s):/usr/bin/ninja cmTC_a490b && [1/2] Building C object CMakeFiles/cmTC_a490b.dir/CheckIncludeFile.c.o
[2/2] Linking C executable cmTC_a490b



Determining if the include file signal.h exists passed with the following output:
Change Dir: /home/oleksandr/workspace/C_C++/Unix_server/build/CMakeFiles/CMakeTmp

Run Build Command(s):/usr/bin/ninja cmTC_ad2dc && [1/2] Building C object CMakeFiles/cmTC_ad2dc.dir/CheckIncludeFile.c.o
[2/2] Linking C executable cmTC_ad2dc



Determining if the include file stdarg.h exists passed with the following output:
Change Dir: /home/oleksandr/workspace/C_C++/Unix_server/build/CMakeFiles/CMakeTmp

Run Build Command(s):/usr/bin/ninja cmTC_05699 && [1/2] Building C object CMakeFiles/cmTC_05699.dir/CheckIncludeFile.c.o
[2/2] Linking C executable cmTC_05699



Determining if the include file stddef.h exists passed with the following output:
Change Dir: /home/oleksandr/workspace/C_C++/Unix_server/build/CMakeFiles/CMakeTmp

Run Build Command(s):/usr/bin/ninja cmTC_337aa && [1/2] Building C object CMakeFiles/cmTC_337aa.dir/CheckIncludeFile.c.o
[2/2] Linking C executable cmTC_337aa



Determining if the include file stdint.h exists passed with the following output:
Change Dir: /home/oleksandr/workspace/C_C++/Unix_server/build/CMakeFiles/CMakeTmp

Run Build Command(s):/usr/bin/ninja cmTC_ef492 && [1/2] Building C object CMakeFiles/cmTC_ef492.dir/CheckIncludeFile.c.o
[2/2] Linking C executable cmTC_ef492



Determining if the include file stdio.h exists passed with the following output:
Change Dir: /home/oleksandr/workspace/C_C++/Unix_server/build/CMakeFiles/CMakeTmp

Run Build Command(s):/usr/bin/ninja cmTC_012c7 && [1/2] Building C object CMakeFiles/cmTC_012c7.dir/CheckIncludeFile.c.o
[2/2] Linking C executable cmTC_012c7



Determining if the include file stdlib.h exists passed with the following output:
Change Dir: /home/oleksandr/workspace/C_C++/Unix_server/build/CMakeFiles/CMakeTmp

Run Build Command(s):/usr/bin/ninja cmTC_17ebd && [1/2] Building C object CMakeFiles/cmTC_17ebd.dir/CheckIncludeFile.c.o
[2/2] Linking C executable cmTC_17ebd



Determining if the include file string.h exists passed with the following output:
Change Dir: /home/oleksandr/workspace/C_C++/Unix_server/build/CMakeFiles/CMakeTmp

Run Build Command(s):/usr/bin/ninja cmTC_d0c5a && [1/2] Building C object CMakeFiles/cmTC_d0c5a.dir/CheckIncludeFile.c.o
[2/2] Linking C executable cmTC_d0c5a



Determining if the include file strings.h exists passed with the following output:
Change Dir: /home/oleksandr/workspace/C_C++/Unix_server/build/CMakeFiles/CMakeTmp

Run Build Command(s):/usr/bin/ninja cmTC_ce4a9 && [1/2] Building C object CMakeFiles/cmTC_ce4a9.dir/CheckIncludeFile.c.o
[2/2] Linking C executable cmTC_ce4a9



Determining if the include file sys/stat.h exists passed with the following output:
Change Dir: /home/oleksandr/workspace/C_C++/Unix_server/build/CMakeFiles/CMakeTmp

Run Build Command(s):/usr/bin/ninja cmTC_391df && [1/2] Building C object CMakeFiles/cmTC_391df.dir/CheckIncludeFile.c.o
[2/2] Linking C executable cmTC_391df



Determining if the include file sys/types.h exists passed with the following output:
Change Dir: /home/oleksandr/workspace/C_C++/Unix_server/build/CMakeFiles/CMakeTmp

Run Build Command(s):/usr/bin/ninja cmTC_51d43 && [1/2] Building C object CMakeFiles/cmTC_51d43.dir/CheckIncludeFile.c.o
[2/2] Linking C executable cmTC_51d43



Determining if the include file time.h exists passed with the following output:
Change Dir: /home/oleksandr/workspace/C_C++/Unix_server/build/CMakeFiles/CMakeTmp

Run Build Command(s):/usr/bin/ninja cmTC_0c487 && [1/2] Building C object CMakeFiles/cmTC_0c487.dir/CheckIncludeFile.c.o
[2/2] Linking C executable cmTC_0c487



Determining if the include file unistd.h exists passed with the following output:
Change Dir: /home/oleksandr/workspace/C_C++/Unix_server/build/CMakeFiles/CMakeTmp

Run Build Command(s):/usr/bin/ninja cmTC_a8938 && [1/2] Building C object CMakeFiles/cmTC_a8938.dir/CheckIncludeFile.c.o
[2/2] Linking C executable cmTC_a8938



Performing C SOURCE FILE Test HAVE_STRUCT_TIMESPEC succeeded with the following output:
Change Dir: /home/oleksandr/workspace/C_C++/Unix_server/build/CMakeFiles/CMakeTmp

Run Build Command(s):/usr/bin/ninja cmTC_6e808 && [1/2] Building C object CMakeFiles/cmTC_6e808.dir/src.c.o
[2/2] Linking C executable cmTC_6e808


Source file was:

#include <time.h>

int main()
{
  (void)sizeof(((struct timespec *)0)->tv_sec);
  return 0;
}

Determining if the function calloc exists passed with the following output:
Change Dir: /home/oleksandr/workspace/C_C++/Unix_server/build/CMakeFiles/CMakeTmp

Run Build Command(s):/usr/bin/ninja cmTC_463ca && [1/2] Building C object CMakeFiles/cmTC_463ca.dir/CheckFunctionExists.c.o
<command-line>: warning: conflicting types for built-in function ‘calloc’; expected ‘void *(long unsigned int,  long unsigned int)’ [-Wbuiltin-declaration-mismatch]
/usr/share/cmake-3.22/Modules/CheckFunctionExists.c:7:3: note: in expansion of macro ‘CHECK_FUNCTION_EXISTS’
    7 |   CHECK_FUNCTION_EXISTS(void);
      |   ^~~~~~~~~~~~~~~~~~~~~
/usr/share/cmake-3.22/Modules/CheckFunctionExists.c:1:1: note: ‘calloc’ is declared in header ‘<stdlib.h>’
  +++ |+#include <stdlib.h>
    1 | #ifdef CHECK_FUNCTION_EXISTS
[2/2] Linking C executable cmTC_463ca



Determining if the function exit exists passed with the following output:
Change Dir: /home/oleksandr/workspace/C_C++/Unix_server/build/CMakeFiles/CMakeTmp

Run Build Command(s):/usr/bin/ninja cmTC_8d93e && [1/2] Building C object CMakeFiles/cmTC_8d93e.dir/CheckFunctionExists.c.o
<command-line>: warning: conflicting types for built-in function ‘exit’; expected ‘void(int)’ [-Wbuiltin-declaration-mismatch]
/usr/share/cmake-3.22/Modules/CheckFunctionExists.c:7:3: note: in expansion of macro ‘CHECK_FUNCTION_EXISTS’
    7 |   CHECK_FUNCTION_EXISTS(void);
      |   ^~~~~~~~~~~~~~~~~~~~~
/usr/share/cmake-3.22/Modules/CheckFunctionExists.c:1:1: note: ‘exit’ is declared in header ‘<stdlib.h>’
  +++ |+#include <stdlib.h>
    1 | #ifdef CHECK_FUNCTION_EXISTS
[2/2] Linking C executable cmTC_8d93e



Determining if the function fprintf exists passed with the following output:
Change Dir: /home/oleksandr/workspace/C_C++/Unix_server/build/CMakeFiles/CMakeTmp

Run Build Command(s):/usr/bin/ninja cmTC_34ea9 && [1/2] Building C object CMakeFiles/cmTC_34ea9.dir/CheckFunctionExists.c.o
<command-line>: warning: conflicting types for built-in function ‘fprintf’; expected ‘int(void *, const char *, ...)’ [-Wbuiltin-declaration-mismatch]
/usr/share/cmake-3.22/Modules/CheckFunctionExists.c:7:3: note: in expansion of macro ‘CHECK_FUNCTION_EXISTS’
    7 |   CHECK_FUNCTION_EXISTS(void);
      |   ^~~~~~~~~~~~~~~~~~~~~
/usr/share/cmake-3.22/Modules/CheckFunctionExists.c:1:1: note: ‘fprintf’ is declared in header ‘<stdio.h>’
  +++ |+#include <stdio.h>
    1 | #ifdef CHECK_FUNCTION_EXISTS
[2/2] Linking C executable cmTC_34ea9



Determining if the function free exists passed with the following output:
Change Dir: /home/oleksandr/workspace/C_C++/Unix_server/build/CMakeFiles/CMakeTmp

Run Build Command(s):/usr/bin/ninja cmTC_4ef7e && [1/2] Building C object CMakeFiles/cmTC_4ef7e.dir/CheckFunctionExists.c.o
<command-line>: warning: conflicting types for built-in function ‘free’; expected ‘void(void *)’ [-Wbuiltin-declaration-mismatch]
/usr/share/cmake-3.22/Modules/CheckFunctionExists.c:7:3: note: in expansion of macro ‘CHECK_FUNCTION_EXISTS’
    7 |   CHECK_FUNCTION_EXISTS(void);
      |   ^~~~~~~~~~~~~~~~~~~~~
/usr/share/cmake-3.22/Modules/CheckFunctionExists.c:1:1: note: ‘free’ is declared in header ‘<stdlib.h>’
  +++ |+#include <stdlib.h>
    1 | #ifdef CHECK_FUNCTION_EXISTS
[2/2] Linking C executable cmTC_4ef7e



Determining if the function longjmp exists passed with the following output:
Change Dir: /home/oleksandr/workspace/C_C++/Unix_server/build/CMakeFiles/CMakeTmp

Run Build Command(s):/usr/bin/ninja cmTC_c2ddc && [1/2] Building C object CMakeFiles/cmTC_c2ddc.dir/CheckFunctionExists.c.o
[2/2] Linking C executable cmTC_c2ddc



Determining if the function siglongjmp exists passed with the following output:
Change Dir: /home/oleksandr/workspace/C_C++/Unix_server/build/CMakeFiles/CMakeTmp

Run Build Command(s):/usr/bin/ninja cmTC_8960d && [1/2] Building C object CMakeFiles/cmTC_8960d.dir/CheckFunctionExists.c.o
[2/2] Linking C executable cmTC_8960d



Determining if the function malloc exists passed with the following output:
Change Dir: /home/oleksandr/workspace/C_C++/Unix_server/build/CMakeFiles/CMakeTmp

Run Build Command(s):/usr/bin/ninja cmTC_5843f && [1/2] Building C object CMakeFiles/cmTC_5843f.dir/CheckFunctionExists.c.o
<command-line>: warning: conflicting types for built-in function ‘malloc’; expected ‘void *(long unsigned int)’ [-Wbuiltin-declaration-mismatch]
/usr/share/cmake-3.22/Modules/CheckFunctionExists.c:7:3: note: in expansion of macro ‘CHECK_FUNCTION_EXISTS’
    7 |   CHECK_FUNCTION_EXISTS(void);
      |   ^~~~~~~~~~~~~~~~~~~~~
/usr/share/cmake-3.22/Modules/CheckFunctionExists.c:1:1: note: ‘malloc’ is declared in header ‘<stdlib.h>’
  +++ |+#include <stdlib.h>
    1 | #ifdef CHECK_FUNCTION_EXISTS
[2/2] Linking C executable cmTC_5843f



Determining if the function memcpy exists passed with the following output:
Change Dir: /home/oleksandr/workspace/C_C++/Unix_server/build/CMakeFiles/CMakeTmp

Run Build Command(s):/usr/bin/ninja cmTC_01c61 && [1/2] Building C object CMakeFiles/cmTC_01c61.dir/CheckFunctionExists.c.o
<command-line>: warning: conflicting types for built-in function ‘memcpy’; expected ‘void *(void *, const void *, long unsigned int)’ [-Wbuiltin-declaration-mismatch]
/usr/share/cmake-3.22/Modules/CheckFunctionExists.c:7:3: note: in expansion of macro ‘CHECK_FUNCTION_EXISTS’
    7 |   CHECK_FUNCTION_EXISTS(void);
      |   ^~~~~~~~~~~~~~~~~~~~~
/usr/share/cmake-3.22/Modules/CheckFunctionExists.c:1:1: note: ‘memcpy’ is declared in header ‘<string.h>’
  +++ |+#include <string.h>
    1 | #ifdef CHECK_FUNCTION_EXISTS
[2/2] Linking C executable cmTC_01c61



Determining if the function memset exists passed with the following output:
Change Dir: /home/oleksandr/workspace/C_C++/Unix_server/build/CMakeFiles/CMakeTmp

Run Build Command(s):/usr/bin/ninja cmTC_97476 && [1/2] Building C object CMakeFiles/cmTC_97476.dir/CheckFunctionExists.c.o
<command-line>: warning: conflicting types for built-in function ‘memset’; expected ‘void *(void *, int,  long unsigned int)’ [-Wbuiltin-declaration-mismatch]
/usr/share/cmake-3.22/Modules/CheckFunctionExists.c:7:3: note: in expansion of macro ‘CHECK_FUNCTION_EXISTS’
    7 |   CHECK_FUNCTION_EXISTS(void);
      |   ^~~~~~~~~~~~~~~~~~~~~
/usr/share/cmake-3.22/Modules/CheckFunctionExists.c:1:1: note: ‘memset’ is declared in header ‘<string.h>’
  +++ |+#include <string.h>
    1 | #ifdef CHECK_FUNCTION_EXISTS
[2/2] Linking C executable cmTC_97476



Determining if the function printf exists passed with the following output:
Change Dir: /home/oleksandr/workspace/C_C++/Unix_server/build/CMakeFiles/CMakeTmp

Run Build Command(s):/usr/bin/ninja cmTC_153de && [1/2] Building C object CMakeFiles/cmTC_153de.dir/CheckFunctionExists.c.o
<command-line>: warning: conflicting types for built-in function ‘printf’; expected ‘int(const char *, ...)’ [-Wbuiltin-declaration-mismatch]
/usr/share/cmake-3.22/Modules/CheckFunctionExists.c:7:3: note: in expansion of macro ‘CHECK_FUNCTION_EXISTS’
    7 |   CHECK_FUNCTION_EXISTS(void);
      |   ^~~~~~~~~~~~~~~~~~~~~
/usr/share/cmake-3.22/Modules/CheckFunctionExists.c:1:1: note: ‘printf’ is declared in header ‘<stdio.h>’
  +++ |+#include <stdio.h>
    1 | #ifdef CHECK_FUNCTION_EXISTS
[2/2] Linking C executable cmTC_153de



Determining if the function setjmp exists passed with the following output:
Change Dir: /home/oleksandr/workspace/C_C++/Unix_server/build/CMakeFiles/CMakeTmp

Run Build Command(s):/usr/bin/ninja cmTC_cd5ac && [1/2] Building C object CMakeFiles/cmTC_cd5ac.dir/CheckFunctionExists.c.o
[2/2] Linking C executable cmTC_cd5ac



Determining if the function signal exists passed with the following output:
Change Dir: /home/oleksandr/workspace/C_C++/Unix_server/build/CMakeFiles/CMakeTmp

Run Build Command(s):/usr/bin/ninja cmTC_4f715 && [1/2] Building C object CMakeFiles/cmTC_4f715.dir/CheckFunctionExists.c.o
[2/2] Linking C executable cmTC_4f715



Determining if the function strsignal exists passed with the following output:
Change Dir: /home/oleksandr/workspace/C_C++/Unix_server/build/CMakeFiles/CMakeTmp

Run Build Command(s):/usr/bin/ninja cmTC_6b14b && [1/2] Building C object CMakeFiles/cmTC_6b14b.dir/CheckFunctionExists.c.o
[2/2] Linking C executable cmTC_6b14b



Determining if the function strcmp exists passed with the following output:
Change Dir: /home/oleksandr/workspace/C_C++/Unix_server/build/CMakeFiles/CMakeTmp

Run Build Command(s):/usr/bin/ninja cmTC_f9645 && [1/2] Building C object CMakeFiles/cmTC_f9645.dir/CheckFunctionExists.c.o
<command-line>: warning: conflicting types for built-in function ‘strcmp’; expected ‘int(const char *, const char *)’ [-Wbuiltin-declaration-mismatch]
/usr/share/cmake-3.22/Modules/CheckFunctionExists.c:7:3: note: in expansion of macro ‘CHECK_FUNCTION_EXISTS’
    7 |   CHECK_FUNCTION_EXISTS(void);
      |   ^~~~~~~~~~~~~~~~~~~~~
/usr/share/cmake-3.22/Modules/CheckFunctionExists.c:1:1: note: ‘strcmp’ is declared in header ‘<string.h>’
  +++ |+#include <string.h>
    1 | #ifdef CHECK_FUNCTION_EXISTS
[2/2] Linking C executable cmTC_f9645



Determining if the function clock_gettime exists passed with the following output:
Change Dir: /home/oleksandr/workspace/C_C++/Unix_server/build/CMakeFiles/CMakeTmp

Run Build Command(s):/usr/bin/ninja cmTC_9701d && [1/2] Building C object CMakeFiles/cmTC_9701d.dir/CheckFunctionExists.c.o
[2/2] Linking C executable cmTC_9701d



Determining if the function sprintf exists passed with the following output:
Change Dir: /home/oleksandr/workspace/C_C++/Unix_server/build/CMakeFiles/CMakeTmp

Run Build Command(s):/usr/bin/ninja cmTC_4aae8 && [1/2] Building C object CMakeFiles/cmTC_4aae8.dir/CheckFunctionExists.c.o
<command-line>: warning: conflicting types for built-in function ‘sprintf’; expected ‘int(char *, const char *, ...)’ [-Wbuiltin-declaration-mismatch]
/usr/share/cmake-3.22/Modules/CheckFunctionExists.c:7:3: note: in expansion of macro ‘CHECK_FUNCTION_EXISTS’
    7 |   CHECK_FUNCTION_EXISTS(void);
      |   ^~~~~~~~~~~~~~~~~~~~~
/usr/share/cmake-3.22/Modules/CheckFunctionExists.c:1:1: note: ‘sprintf’ is declared in header ‘<stdio.h>’
  +++ |+#include <stdio.h>
    1 | #ifdef CHECK_FUNCTION_EXISTS
[2/2] Linking C executable cmTC_4aae8



Determining if the function vsnprintf exists passed with the following output:
Change Dir: /home/oleksandr/workspace/C_C++/Unix_server/build/CMakeFiles/CMakeTmp

Run Build Command(s):/usr/bin/ninja cmTC_aad70 && [1/2] Building C object CMakeFiles/cmTC_aad70.dir/CheckFunctionExists.c.o
<command-line>: warning: conflicting types for built-in function ‘vsnprintf’; expected ‘int(char *, long unsigned int,  const char *, __va_list_tag *)’ [-Wbuiltin-declaration-mismatch]
/usr/share/cmake-3.22/Modules/CheckFunctionExists.c:7:3: note: in expansion of macro ‘CHECK_FUNCTION_EXISTS’
    7 |   CHECK_FUNCTION_EXISTS(void);
      |   ^~~~~~~~~~~~~~~~~~~~~
/usr/share/cmake-3.22/Modules/CheckFunctionExists.c:1:1: note: ‘vsnprintf’ is declared in header ‘<stdio.h>’
  +++ |+#include <stdio.h>
    1 | #ifdef CHECK_FUNCTION_EXISTS
[2/2] Linking C executable cmTC_aad70



Performing C SOURCE FILE Test HAVE_GCC_THREAD_LOCAL_STORAGE succeeded with the following output:
Change Dir: /home/oleksandr/workspace/C_C++/Unix_server/build/CMakeFiles/CMakeTmp

Run Build Command(s):/usr/bin/ninja cmTC_79bd2 && [1/2] Building C object CMakeFiles/cmTC_79bd2.dir/src.c.o
[2/2] Linking C executable cmTC_79bd2


Source file was:

__thread int tls;

int main(void) {
    return 0;
}
Performing C SOURCE FILE Test HAVE_CLOCK_REALTIME succeeded with the following output:
Change Dir: /home/oleksandr/workspace/C_C++/Unix_server/build/CMakeFiles/CMakeTmp

Run Build Command(s):/usr/bin/ninja cmTC_cb6ab && [1/2] Building C object CMakeFiles/cmTC_cb6ab.dir/src.c.o
[2/2] Linking C executable cmTC_cb6ab


Source file was:

#include <time.h>

int main(void) {
    struct timespec ts;

    clock_gettime(CLOCK_REALTIME, &ts);

    return 0;
}
